# JRE version: Java(TM) SE Runtime Environment (8.0_162-b12) (build 1.8.0_162-b12)
# Java VM: Java HotSpot(TM) 64-Bit Server VM (25.162-b12 mixed mode bsd-amd64 compressed oops)
Heap:
 PSYoungGen      total 920576K, used 374571K [0x000000076ab00000, 0x00000007be000000, 0x00000007c0000000)
  eden space 465920K, 38% used [0x000000076ab00000,0x0000000775b42f50,0x0000000787200000)
  from space 454656K, 42% used [0x0000000787200000,0x0000000792f88000,0x00000007a2e00000)
  to   space 432640K, 0% used [0x00000007a3980000,0x00000007a3980000,0x00000007be000000)
 ParOldGen       total 2796544K, used 2164300K [0x00000006c0000000, 0x000000076ab00000, 0x000000076ab00000)
  object space 2796544K, 77% used [0x00000006c0000000,0x00000007441933c0,0x000000076ab00000)
 Metaspace       used 42404K, capacity 57181K, committed 57432K, reserved 1089536K
  class space    used 11358K, capacity 16432K, committed 16472K, reserved 1048576K
GC Heap History (10 events):
Event: 1476.349 GC heap before
{Heap before GC invocations=27 (full 7):
 PSYoungGen      total 931840K, used 465920K [0x000000076ab00000, 0x00000007c0000000, 0x00000007c0000000)
  eden space 465920K, 100% used [0x000000076ab00000,0x0000000787200000,0x0000000787200000)
  from space 465920K, 0% used [0x0000000787200000,0x0000000787200000,0x00000007a3900000)
  to   space 465920K, 0% used [0x00000007a3900000,0x00000007a3900000,0x00000007c0000000)
 ParOldGen       total 2275328K, used 1540286K [0x00000006c0000000, 0x000000074ae00000, 0x000000076ab00000)
  object space 2275328K, 67% used [0x00000006c0000000,0x000000071e02fb88,0x000000074ae00000)
 Metaspace       used 42383K, capacity 57181K, committed 57432K, reserved 1089536K
  class space    used 11355K, capacity 16432K, committed 16472K, reserved 1048576K
Event: 1476.995 GC heap after
Heap after GC invocations=27 (full 7):
 PSYoungGen      total 931840K, used 201056K [0x000000076ab00000, 0x00000007c0000000, 0x00000007c0000000)
  eden space 465920K, 0% used [0x000000076ab00000,0x000000076ab00000,0x0000000787200000)
  from space 465920K, 43% used [0x00000007a3900000,0x00000007afd58000,0x00000007c0000000)
  to   space 465920K, 0% used [0x0000000787200000,0x0000000787200000,0x00000007a3900000)
 ParOldGen       total 2275328K, used 1540286K [0x00000006c0000000, 0x000000074ae00000, 0x000000076ab00000)
  object space 2275328K, 67% used [0x00000006c0000000,0x000000071e02fb88,0x000000074ae00000)
 Metaspace       used 42383K, capacity 57181K, committed 57432K, reserved 1089536K
  class space    used 11355K, capacity 16432K, committed 16472K, reserved 1048576K
}
Event: 1481.222 GC heap before
{Heap before GC invocations=28 (full 7):
 PSYoungGen      total 931840K, used 666976K [0x000000076ab00000, 0x00000007c0000000, 0x00000007c0000000)
  eden space 465920K, 100% used [0x000000076ab00000,0x0000000787200000,0x0000000787200000)
  from space 465920K, 43% used [0x00000007a3900000,0x00000007afd58000,0x00000007c0000000)
  to   space 465920K, 0% used [0x0000000787200000,0x0000000787200000,0x00000007a3900000)
 ParOldGen       total 2275328K, used 1540286K [0x00000006c0000000, 0x000000074ae00000, 0x000000076ab00000)
  object space 2275328K, 67% used [0x00000006c0000000,0x000000071e02fb88,0x000000074ae00000)
 Metaspace       used 42383K, capacity 57181K, committed 57432K, reserved 1089536K
  class space    used 11355K, capacity 16432K, committed 16472K, reserved 1048576K
Event: 1482.672 GC heap after
Heap after GC invocations=28 (full 7):
 PSYoungGen      total 931840K, used 213376K [0x000000076ab00000, 0x00000007c0000000, 0x00000007c0000000)
  eden space 465920K, 0% used [0x000000076ab00000,0x000000076ab00000,0x0000000787200000)
  from space 465920K, 45% used [0x0000000787200000,0x0000000794260000,0x00000007a3900000)
  to   space 465920K, 0% used [0x00000007a3900000,0x00000007a3900000,0x00000007c0000000)
 ParOldGen       total 2275328K, used 1741854K [0x00000006c0000000, 0x000000074ae00000, 0x000000076ab00000)
  object space 2275328K, 76% used [0x00000006c0000000,0x000000072a507b88,0x000000074ae00000)
 Metaspace       used 42383K, capacity 57181K, committed 57432K, reserved 1089536K
  class space    used 11355K, capacity 16432K, committed 16472K, reserved 1048576K
}
Event: 1486.900 GC heap before
{Heap before GC invocations=29 (full 7):
 PSYoungGen      total 931840K, used 679296K [0x000000076ab00000, 0x00000007c0000000, 0x00000007c0000000)
  eden space 465920K, 100% used [0x000000076ab00000,0x0000000787200000,0x0000000787200000)
  from space 465920K, 45% used [0x0000000787200000,0x0000000794260000,0x00000007a3900000)
  to   space 465920K, 0% used [0x00000007a3900000,0x00000007a3900000,0x00000007c0000000)
 ParOldGen       total 2275328K, used 1741854K [0x00000006c0000000, 0x000000074ae00000, 0x000000076ab00000)
  object space 2275328K, 76% used [0x00000006c0000000,0x000000072a507b88,0x000000074ae00000)
 Metaspace       used 42383K, capacity 57181K, committed 57432K, reserved 1089536K
  class space    used 11355K, capacity 16432K, committed 16472K, reserved 1048576K
Event: 1488.386 GC heap after
Heap after GC invocations=29 (full 7):
 PSYoungGen      total 909312K, used 210560K [0x000000076ab00000, 0x00000007bea00000, 0x00000007c0000000)
  eden space 465920K, 0% used [0x000000076ab00000,0x000000076ab00000,0x0000000787200000)
  from space 443392K, 47% used [0x00000007a3900000,0x00000007b06a0000,0x00000007bea00000)
  to   space 454656K, 0% used [0x0000000787200000,0x0000000787200000,0x00000007a2e00000)
 ParOldGen       total 2275328K, used 1955766K [0x00000006c0000000, 0x000000074ae00000, 0x000000076ab00000)
  object space 2275328K, 85% used [0x00000006c0000000,0x00000007375edb88,0x000000074ae00000)
 Metaspace       used 42383K, capacity 57181K, committed 57432K, reserved 1089536K
  class space    used 11355K, capacity 16432K, committed 16472K, reserved 1048576K
}
Event: 1488.386 GC heap before
{Heap before GC invocations=30 (full 8):
 PSYoungGen      total 909312K, used 210560K [0x000000076ab00000, 0x00000007bea00000, 0x00000007c0000000)
  eden space 465920K, 0% used [0x000000076ab00000,0x000000076ab00000,0x0000000787200000)
  from space 443392K, 47% used [0x00000007a3900000,0x00000007b06a0000,0x00000007bea00000)
  to   space 454656K, 0% used [0x0000000787200000,0x0000000787200000,0x00000007a2e00000)
 ParOldGen       total 2275328K, used 1955766K [0x00000006c0000000, 0x000000074ae00000, 0x000000076ab00000)
  object space 2275328K, 85% used [0x00000006c0000000,0x00000007375edb88,0x000000074ae00000)
 Metaspace       used 42383K, capacity 57181K, committed 57432K, reserved 1089536K
  class space    used 11355K, capacity 16432K, committed 16472K, reserved 1048576K
Event: 1497.771 GC heap after
Heap after GC invocations=30 (full 8):
 PSYoungGen      total 909312K, used 0K [0x000000076ab00000, 0x00000007bea00000, 0x00000007c0000000)
  eden space 465920K, 0% used [0x000000076ab00000,0x000000076ab00000,0x0000000787200000)
  from space 443392K, 0% used [0x00000007a3900000,0x00000007a3900000,0x00000007bea00000)
  to   space 454656K, 0% used [0x0000000787200000,0x0000000787200000,0x00000007a2e00000)
 ParOldGen       total 2796544K, used 2164300K [0x00000006c0000000, 0x000000076ab00000, 0x000000076ab00000)
  object space 2796544K, 77% used [0x00000006c0000000,0x00000007441933c0,0x000000076ab00000)
 Metaspace       used 42383K, capacity 57181K, committed 57432K, reserved 1089536K
  class space    used 11355K, capacity 16432K, committed 16472K, reserved 1048576K
}
Event: 1501.634 GC heap before
{Heap before GC invocations=31 (full 8):
 PSYoungGen      total 909312K, used 465920K [0x000000076ab00000, 0x00000007bea00000, 0x00000007c0000000)
  eden space 465920K, 100% used [0x000000076ab00000,0x0000000787200000,0x0000000787200000)
  from space 443392K, 0% used [0x00000007a3900000,0x00000007a3900000,0x00000007bea00000)
  to   space 454656K, 0% used [0x0000000787200000,0x0000000787200000,0x00000007a2e00000)
 ParOldGen       total 2796544K, used 2164300K [0x00000006c0000000, 0x000000076ab00000, 0x000000076ab00000)
  object space 2796544K, 77% used [0x00000006c0000000,0x00000007441933c0,0x000000076ab00000)
 Metaspace       used 42383K, capacity 57181K, committed 57432K, reserved 1089536K
  class space    used 11355K, capacity 16432K, committed 16472K, reserved 1048576K
Event: 1502.260 GC heap after
Heap after GC invocations=31 (full 8):
 PSYoungGen      total 920576K, used 194080K [0x000000076ab00000, 0x00000007be000000, 0x00000007c0000000)
  eden space 465920K, 0% used [0x000000076ab00000,0x000000076ab00000,0x0000000787200000)
  from space 454656K, 42% used [0x0000000787200000,0x0000000792f88000,0x00000007a2e00000)
  to   space 432640K, 0% used [0x00000007a3980000,0x00000007a3980000,0x00000007be000000)
 ParOldGen       total 2796544K, used 2164300K [0x00000006c0000000, 0x000000076ab00000, 0x000000076ab00000)
  object space 2796544K, 77% used [0x00000006c0000000,0x00000007441933c0,0x000000076ab00000)
 Metaspace       used 42383K, capacity 57181K, committed 57432K, reserved 1089536K
  class space    used 11355K, capacity 16432K, committed 16472K, reserved 1048576K
}

